OpenROAD 850238c2fb11cf83a9d33c6d065a121aae8d837b 
This program is licensed under the BSD-3 license. See the LICENSE file for details.
Components of this program may be licensed under more restrictive licenses which must be honored.
[INFO]: Reading ODB at '/users/students/r0790882/Desktop/CA_Exercise/CA_Exercises/Backend/runs/230420-111838_SOLUTION2_multiplication_support_MULT2/tmp/floorplan/4-io.odb'...
define_corners Typical
read_liberty -corner Typical /users/students/r0790882/Desktop/CA_Exercise/CA_Exercises/Backend/conda-env/share/pdk/sky130A/libs.ref/sky130_fd_sc_hd/lib/sky130_fd_sc_hd__tt_025C_1v80.lib
[INFO]: Setting RC values...
[INFO]: Setting signal min routing layer to: met1 and clock min routing layer to met1. 
[INFO]: Setting signal max routing layer to: met5 and clock max routing layer to met5. 
[INFO GPL-0002] DBU: 1000
[INFO GPL-0003] SiteSize: 460 2720
[INFO GPL-0004] CoreAreaLxLy: 5520 10880
[INFO GPL-0005] CoreAreaUxUy: 1439800 1444320
[INFO GPL-0006] NumInstances: 23983
[INFO GPL-0007] NumPlaceInstances: 23983
[INFO GPL-0008] NumFixedInstances: 0
[INFO GPL-0009] NumDummyInstances: 0
[INFO GPL-0010] NumNets: 24404
[INFO GPL-0011] NumPins: 90685
[INFO GPL-0012] DieAreaLxLy: 0 0
[INFO GPL-0013] DieAreaUxUy: 1445560 1456280
[INFO GPL-0014] CoreAreaLxLy: 5520 10880
[INFO GPL-0015] CoreAreaUxUy: 1439800 1444320
[INFO GPL-0016] CoreArea: 2055954323200
[INFO GPL-0017] NonPlaceInstsArea: 0
[INFO GPL-0018] PlaceInstsArea: 617354445600
[INFO GPL-0019] Util(%): 30.03
[INFO GPL-0020] StdInstsArea: 250904387200
[INFO GPL-0021] MacroInstsArea: 366450058400
[InitialPlace]  Iter: 1 CG residual: 0.00085164 HPWL: 753375430
[InitialPlace]  Iter: 2 CG residual: 0.00261261 HPWL: 736489060
[InitialPlace]  Iter: 3 CG residual: 0.00013548 HPWL: 776795173
[InitialPlace]  Iter: 4 CG residual: 0.00009189 HPWL: 759954254
[InitialPlace]  Iter: 5 CG residual: 0.00005497 HPWL: 756351080
[InitialPlace]  Iter: 6 CG residual: 0.00002088 HPWL: 755232257
[InitialPlace]  Iter: 7 CG residual: 0.00002426 HPWL: 754697631
[InitialPlace]  Iter: 8 CG residual: 0.00002007 HPWL: 754841668
[InitialPlace]  Iter: 9 CG residual: 0.00002733 HPWL: 754420251
[InitialPlace]  Iter: 10 CG residual: 0.00001791 HPWL: 754663836
[InitialPlace]  Iter: 11 CG residual: 0.00003277 HPWL: 754131672
[InitialPlace]  Iter: 12 CG residual: 0.00002179 HPWL: 754389577
[InitialPlace]  Iter: 13 CG residual: 0.00002294 HPWL: 753858423
[InitialPlace]  Iter: 14 CG residual: 0.00002054 HPWL: 754023415
[InitialPlace]  Iter: 15 CG residual: 0.00002197 HPWL: 753242994
[InitialPlace]  Iter: 16 CG residual: 0.00002248 HPWL: 753491792
[InitialPlace]  Iter: 17 CG residual: 0.00002216 HPWL: 753015349
[InitialPlace]  Iter: 18 CG residual: 0.00002000 HPWL: 753176736
[InitialPlace]  Iter: 19 CG residual: 0.00002168 HPWL: 752672595
[InitialPlace]  Iter: 20 CG residual: 0.00001894 HPWL: 752903129
[INFO GPL-0031] FillerInit: NumGCells: 66663
[INFO GPL-0032] FillerInit: NumGNets: 24404
[INFO GPL-0033] FillerInit: NumGPins: 90685
[INFO GPL-0023] TargetDensity: 0.40
[INFO GPL-0024] AveragePlaceInstArea: 25741335
[INFO GPL-0025] IdealBinArea: 64353340
[INFO GPL-0026] IdealBinCnt: 31947
[INFO GPL-0027] TotalBinArea: 2055954323200
[INFO GPL-0028] BinCnt: 128 128
[INFO GPL-0029] BinSize: 11206 11199
[INFO GPL-0030] NumBins: 16384
[NesterovSolve] Iter: 1 overflow: 0.767026 HPWL: 308786487
[INFO GPL-0100] worst slack 4.06e-08
[INFO GPL-0103] Weighted 2572 nets.
[NesterovSolve] Iter: 10 overflow: 0.74262 HPWL: 321168723
[NesterovSolve] Iter: 20 overflow: 0.719151 HPWL: 342993021
[NesterovSolve] Iter: 30 overflow: 0.707598 HPWL: 358983612
[NesterovSolve] Iter: 40 overflow: 0.700988 HPWL: 370985116
[NesterovSolve] Iter: 50 overflow: 0.697269 HPWL: 381647838
[NesterovSolve] Iter: 60 overflow: 0.695935 HPWL: 391059541
[NesterovSolve] Iter: 70 overflow: 0.694857 HPWL: 398010958
[NesterovSolve] Iter: 80 overflow: 0.694235 HPWL: 402705274
[NesterovSolve] Iter: 90 overflow: 0.693595 HPWL: 406184090
[NesterovSolve] Iter: 100 overflow: 0.693128 HPWL: 409114419
[NesterovSolve] Iter: 110 overflow: 0.693041 HPWL: 411531998
[NesterovSolve] Iter: 120 overflow: 0.69291 HPWL: 413594491
[NesterovSolve] Iter: 130 overflow: 0.692727 HPWL: 415471049
[NesterovSolve] Iter: 140 overflow: 0.692168 HPWL: 417156894
[NesterovSolve] Iter: 150 overflow: 0.692006 HPWL: 418673997
[NesterovSolve] Iter: 160 overflow: 0.692206 HPWL: 420230740
[NesterovSolve] Iter: 170 overflow: 0.691912 HPWL: 422250392
[NesterovSolve] Iter: 180 overflow: 0.691487 HPWL: 425136984
[NesterovSolve] Iter: 190 overflow: 0.690177 HPWL: 429491203
[NesterovSolve] Iter: 200 overflow: 0.688252 HPWL: 436467054
[NesterovSolve] Iter: 210 overflow: 0.684429 HPWL: 448047399
[NesterovSolve] Iter: 220 overflow: 0.678121 HPWL: 466719214
[NesterovSolve] Iter: 230 overflow: 0.670871 HPWL: 495602953
[NesterovSolve] Iter: 240 overflow: 0.661401 HPWL: 538612647
[NesterovSolve] Iter: 250 overflow: 0.649487 HPWL: 598126631
[INFO GPL-0100] worst slack 3.92e-08
[INFO GPL-0103] Weighted 2572 nets.
[NesterovSolve] Iter: 260 overflow: 0.628605 HPWL: 676016318
[NesterovSolve] Iter: 270 overflow: 0.595143 HPWL: 769683842
[NesterovSolve] Snapshot saved at iter = 269
[NesterovSolve] Iter: 280 overflow: 0.553138 HPWL: 846752667
[NesterovSolve] Iter: 290 overflow: 0.518209 HPWL: 910686630
[NesterovSolve] Iter: 300 overflow: 0.481249 HPWL: 996998382
[INFO GPL-0100] worst slack 3.93e-08
[INFO GPL-0103] Weighted 2568 nets.
[NesterovSolve] Iter: 310 overflow: 0.435946 HPWL: 1041019524
[NesterovSolve] Iter: 320 overflow: 0.38342 HPWL: 1104341469
[NesterovSolve] Iter: 330 overflow: 0.329654 HPWL: 1164124134
[NesterovSolve] Iter: 340 overflow: 0.289223 HPWL: 1220376386
[INFO GPL-0100] worst slack 3.88e-08
[INFO GPL-0103] Weighted 2569 nets.
[NesterovSolve] Iter: 350 overflow: 0.253193 HPWL: 1335649299
[NesterovSolve] Iter: 360 overflow: 0.23779 HPWL: 1320371782
[NesterovSolve] Iter: 370 overflow: 0.217291 HPWL: 1267916202
[INFO GPL-0100] worst slack 3.91e-08
[INFO GPL-0103] Weighted 2571 nets.
[INFO GPL-0075] Routability numCall: 1 inflationIterCnt: 1 bloatIterCnt: 0
[INFO GPL-0036] TileLxLy: 0 0
[INFO GPL-0037] TileSize: 6900 6900
[INFO GPL-0038] TileCnt: 209 211
[INFO GPL-0039] numRoutingLayers: 6
[INFO GPL-0040] NumTiles: 44099
[INFO GPL-0063] TotalRouteOverflowH2: 80.30000078678131
[INFO GPL-0064] TotalRouteOverflowV2: 96.5333400964737
[INFO GPL-0065] OverflowTileCnt2: 879
[INFO GPL-0066] 0.5%RC: 1.2338888850477008
[INFO GPL-0067] 1.0%RC: 1.1342605564624113
[INFO GPL-0068] 2.0%RC: 1.0671769938040874
[INFO GPL-0069] 5.0%RC: 1.0196176712092153
[INFO GPL-0070] 0.5rcK: 1
[INFO GPL-0071] 1.0rcK: 1
[INFO GPL-0072] 2.0rcK: 0
[INFO GPL-0073] 5.0rcK: 0
[INFO GPL-0074] FinalRC: 1.1840748
[NesterovSolve] Iter: 380 overflow: 0.189848 HPWL: 1259353617
[NesterovSolve] Iter: 390 overflow: 0.174537 HPWL: 1206490560
[NesterovSolve] Iter: 400 overflow: 0.147658 HPWL: 1224432161
[INFO GPL-0100] worst slack 3.9e-08
[INFO GPL-0103] Weighted 2570 nets.
[NesterovSolve] Iter: 410 overflow: 0.126295 HPWL: 1207392932
[NesterovSolve] Iter: 420 overflow: 0.108952 HPWL: 1211500644
[NesterovSolve] Finished with Overflow: 0.099222
Writing OpenROAD database to /users/students/r0790882/Desktop/CA_Exercise/CA_Exercises/Backend/runs/230420-111838_SOLUTION2_multiplication_support_MULT2/tmp/placement/5-global.odb...
Writing netlist to /users/students/r0790882/Desktop/CA_Exercise/CA_Exercises/Backend/runs/230420-111838_SOLUTION2_multiplication_support_MULT2/tmp/placement/5-global.nl.v...
Writing powered netlist to /users/students/r0790882/Desktop/CA_Exercise/CA_Exercises/Backend/runs/230420-111838_SOLUTION2_multiplication_support_MULT2/tmp/placement/5-global.pnl.v...
Writing layout to /users/students/r0790882/Desktop/CA_Exercise/CA_Exercises/Backend/runs/230420-111838_SOLUTION2_multiplication_support_MULT2/tmp/placement/5-global.def...
[INFO]: Setting RC values...
