OpenROAD 850238c2fb11cf83a9d33c6d065a121aae8d837b 
This program is licensed under the BSD-3 license. See the LICENSE file for details.
Components of this program may be licensed under more restrictive licenses which must be honored.
[INFO]: Reading ODB at '/users/students/r0790882/Desktop/CA_Exercise/CA_Exercises/Backend/runs/230420-111838_SOLUTION2_multiplication_support_MULT2/tmp/placement/5-global.odb'...
define_corners Typical
read_liberty -corner Typical /users/students/r0790882/Desktop/CA_Exercise/CA_Exercises/Backend/conda-env/share/pdk/sky130A/libs.ref/sky130_fd_sc_hd/lib/sky130_fd_sc_hd__tt_025C_1v80.lib
[INFO MPL-0005] Found 2 macros.
[INFO MPL-0009] West pins 80.
[INFO MPL-0009] East pins 81.
[INFO MPL-0009] North pins 83.
[INFO MPL-0009] South pins 83.
[INFO MPL-0069] Initial weighted wire length 211338.
Begin one level partition.
[INFO MPL-0076] Partition 2 macros.
[INFO MPL-0077] Using 2 cut lines.
[INFO MPL-0079] Cut line 243.34.
[INFO MPL-0079] Cut line 796.26.
End one level partition.
Begin horizontal partition.
Begin east partition.
[INFO MPL-0076] Partition 0 macros.
[INFO MPL-0077] Using 0 cut lines.
End east partition.
Begin west partition.
[INFO MPL-0076] Partition 2 macros.
[INFO MPL-0077] Using 1 cut lines.
[INFO MPL-0079] Cut line 783.36.
End west partition.
End horizontal partition.
Begin horizontal partition.
Begin east partition.
[INFO MPL-0076] Partition 1 macros.
[INFO MPL-0077] Using 1 cut lines.
[INFO MPL-0079] Cut line 786.08.
End east partition.
Begin west partition.
[INFO MPL-0076] Partition 1 macros.
[INFO MPL-0077] Using 1 cut lines.
[INFO MPL-0079] Cut line 783.36.
End west partition.
End horizontal partition.
[INFO MPL-0070] Using 2 partition sets.
[INFO MPL-0071] Solution 1 weighted wire length 239126.
[INFO MPL-0071] Solution 2 weighted wire length 266835.
[INFO MPL-0073] Best weighted wire length 266835.
Writing OpenROAD database to /users/students/r0790882/Desktop/CA_Exercise/CA_Exercises/Backend/runs/230420-111838_SOLUTION2_multiplication_support_MULT2/tmp/placement/7-macros_placed.odb...
Writing layout to /users/students/r0790882/Desktop/CA_Exercise/CA_Exercises/Backend/runs/230420-111838_SOLUTION2_multiplication_support_MULT2/tmp/placement/7-macros_placed.def...
