OpenROAD 850238c2fb11cf83a9d33c6d065a121aae8d837b 
This program is licensed under the BSD-3 license. See the LICENSE file for details.
Components of this program may be licensed under more restrictive licenses which must be honored.
define_corners Typical
read_liberty -corner Typical /users/students/r0790882/Desktop/CA_Exercise/CA_Exercises/Backend/conda-env/share/pdk/sky130A/libs.ref/sky130_fd_sc_hd/lib/sky130_fd_sc_hd__tt_025C_1v80.lib
[INFO ODB-0222] Reading LEF file: /users/students/r0790882/Desktop/CA_Exercise/CA_Exercises/Backend/runs/230420-111838_SOLUTION2_multiplication_support_MULT2/tmp/merged.nom.lef
[WARNING ODB-0220] WARNING (LEFPARS-2036): SOURCE statement is obsolete in version 5.6 and later.
The LEF parser will ignore this statement.
To avoid this warning in the future, remove this statement from the LEF file with version 5.6 or later. See file /users/students/r0790882/Desktop/CA_Exercise/CA_Exercises/Backend/runs/230420-111838_SOLUTION2_multiplication_support_MULT2/tmp/merged.nom.lef at line 67040.

[INFO ODB-0223]     Created 13 technology layers
[INFO ODB-0224]     Created 25 technology vias
[INFO ODB-0225]     Created 443 library cells
[INFO ODB-0226] Finished LEF file:  /users/students/r0790882/Desktop/CA_Exercise/CA_Exercises/Backend/runs/230420-111838_SOLUTION2_multiplication_support_MULT2/tmp/merged.nom.lef
Reading netlist /users/students/r0790882/Desktop/CA_Exercise/CA_Exercises/Backend/runs/230420-111838_SOLUTION2_multiplication_support_MULT2/results/synthesis/cpu.v ...
[INFO]: Setting output delay to: 0
[INFO]: Setting input delay to: 0
[INFO]: Setting load to: 0.033442
[INFO]: Setting clock uncertainty to: 0.25
[INFO]: Setting clock transition to: 0.15
[INFO]: Setting timing derate to: 0.5 %
[INFO IFP-0001] Added 527 rows of 3118 site unithd with height 1.
[INFO IFP-0030] Inserted 0 tiecells using sky130_fd_sc_hd__conb_1/LO.
[INFO IFP-0030] Inserted 0 tiecells using sky130_fd_sc_hd__conb_1/HI.
[INFO] Extracting DIE_AREA and CORE_AREA from the floorplan
[INFO] Floorplanned on a die area of 0.0 0.0 1445.56 1456.28 (microns). Saving to /users/students/r0790882/Desktop/CA_Exercise/CA_Exercises/Backend/runs/230420-111838_SOLUTION2_multiplication_support_MULT2/reports/floorplan/3-initial_fp_die_area.rpt.
[INFO] Floorplanned on a core area of 5.52 10.88 1439.8 1444.32 (microns). Saving to /users/students/r0790882/Desktop/CA_Exercise/CA_Exercises/Backend/runs/230420-111838_SOLUTION2_multiplication_support_MULT2/reports/floorplan/3-initial_fp_core_area.rpt.
Writing OpenROAD database to /users/students/r0790882/Desktop/CA_Exercise/CA_Exercises/Backend/runs/230420-111838_SOLUTION2_multiplication_support_MULT2/tmp/floorplan/3-initial_fp.odb...
Writing layout to /users/students/r0790882/Desktop/CA_Exercise/CA_Exercises/Backend/runs/230420-111838_SOLUTION2_multiplication_support_MULT2/tmp/floorplan/3-initial_fp.def...
Writing timing constraints to /users/students/r0790882/Desktop/CA_Exercise/CA_Exercises/Backend/runs/230420-111838_SOLUTION2_multiplication_support_MULT2/tmp/floorplan/3-initial_fp.sdc...
